<?xml version="1.0" encoding="UTF-8"?>
<!-- Generated by org.testng.reporters.JUnitReportReporter -->
<testsuite hostname="LTIN242912" failures="0" tests="11" name="bookShelves.BookShelveS" time="48.687" errors="0" timestamp="2024-02-27T23:11:08 IST" skipped="0">
  <testcase classname="bookShelves.BookShelveS" name="open_BookShelves" time="30.749"/>
  <testcase classname="bookShelves.BookShelveS" name="close_popup" time="0.779"/>
  <testcase classname="bookShelves.BookShelveS" name="Click_Excludeoutof_stock" time="2.575"/>
  <testcase classname="bookShelves.BookShelveS" name="open_Living" time="0.210"/>
  <testcase classname="bookShelves.BookShelveS" name="Select_SeatingandChairs" time="0.603"/>
  <testcase classname="bookShelves.BookShelveS" name="go_to_giftcards" time="3.691"/>
  <testcase classname="bookShelves.BookShelveS" name="Scroll_Toheading" time="5.102"/>
  <testcase classname="bookShelves.BookShelveS" name="Select_Annivesary" time="0.194"/>
  <testcase classname="bookShelves.BookShelveS" name="coustmize_giftcard" time="0.295"/>
  <testcase classname="bookShelves.BookShelveS" name="Click_confirm" time="2.436"/>
  <testcase classname="bookShelves.BookShelveS" name="click_confirm" time="2.053"/>
</testsuite> <!-- bookShelves.BookShelveS -->
